#
# A fatal error has been detected by the Java Runtime Environment:
#
#  Internal Error (ciObjectFactory.cpp:400), pid=15760, tid=32500
#  Error: ShouldNotReachHere()
#
# JRE version: Java(TM) SE Runtime Environment (18.0.2.1+1) (build 18.0.2.1+1-1)
# Java VM: Java HotSpot(TM) 64-Bit Server VM (18.0.2.1+1-1, mixed mode, sharing, tiered, compressed oops, compressed class ptrs, g1 gc, windows-amd64)
# No core dump will be written. Minidumps are not enabled by default on client versions of Windows
#
# If you would like to submit a bug report, please visit:
#   https://bugreport.java.com/bugreport/crash.jsp
#

---------------  S U M M A R Y ------------

Command Line: -ea -Didea.test.cyclic.buffer.size=1048576 -javaagent:C:\Program Files\JetBrains\IntelliJ IDEA Community Edition 2022.2.1\lib\idea_rt.jar=62417:C:\Program Files\JetBrains\IntelliJ IDEA Community Edition 2022.2.1\bin -Dfile.encoding=UTF-8 -Dsun.stdout.encoding=UTF-8 -Dsun.stderr.encoding=UTF-8 com.intellij.rt.testng.RemoteTestNGStarter -usedefaultlisteners false -socket62416 @w@C:\Users\USER\AppData\Local\Temp\idea_working_dirs_testng.tmp -temp C:\Users\USER\AppData\Local\Temp\idea_testng.tmp

Host: Intel(R) Core(TM) i7-3920XM CPU @ 2.90GHz, 8 cores, 15G,  Windows 10 , 64 bit Build 19041 (10.0.19041.2546)
Time: Thu Mar  2 21:24:29 2023 W. Europe Standard Time elapsed time: 1.984678 seconds (0d 0h 0m 1s)

---------------  T H R E A D  ---------------

Current thread (0x0000018e2c165dd0):  JavaThread "C2 CompilerThread2" daemon [_thread_in_vm, id=32500, stack(0x0000002877d00000,0x0000002877e00000)]


Current CompileTask:
C2:   1984 2047       4       java.lang.invoke.MethodType::makeImpl (109 bytes)

Stack: [0x0000002877d00000,0x0000002877e00000]
Native frames: (J=compiled Java code, j=interpreted, Vv=VM code, C=native code)
V  [jvm.dll+0x6993aa]
V  [jvm.dll+0x7f46dd]
V  [jvm.dll+0x7f5fee]
V  [jvm.dll+0x7f6657]
V  [jvm.dll+0x25ce7a]
V  [jvm.dll+0x25cdb3]
V  [jvm.dll+0x1ed358]
V  [jvm.dll+0x1eda53]
V  [jvm.dll+0x1e73f4]
V  [jvm.dll+0x12acc9]
V  [jvm.dll+0x12bbe6]
V  [jvm.dll+0x12e868]
V  [jvm.dll+0x12c777]
V  [jvm.dll+0x12b4ec]
V  [jvm.dll+0x12ae0f]
V  [jvm.dll+0x12bbe6]
V  [jvm.dll+0x12e868]
V  [jvm.dll+0x12c777]
V  [jvm.dll+0x12b4ec]
V  [jvm.dll+0x12ae0f]
V  [jvm.dll+0x1e5012]
V  [jvm.dll+0x2d3bef]
V  [jvm.dll+0x2d13b1]
V  [jvm.dll+0x2d1b2c]
V  [jvm.dll+0x2317fa]
V  [jvm.dll+0x22f3cb]
V  [jvm.dll+0x1ba01c]
V  [jvm.dll+0x23ee0a]
V  [jvm.dll+0x23d0f5]
V  [jvm.dll+0x7a6dd1]
V  [jvm.dll+0x7a120a]
V  [jvm.dll+0x698255]
C  [ucrtbase.dll+0x21bb2]
C  [KERNEL32.DLL+0x17614]
C  [ntdll.dll+0x526a1]


---------------  P R O C E S S  ---------------

Threads class SMR info:
_java_thread_list=0x0000018e2cca0ec0, length=16, elements={
0x0000018e02d342c0, 0x0000018e27a6f050, 0x0000018e27a70360, 0x0000018e27a8a310,
0x0000018e27a8abc0, 0x0000018e27a8dc20, 0x0000018e27a909c0, 0x0000018e27a9baa0,
0x0000018e27aa4770, 0x0000018e27ab7070, 0x0000018e2bdb2270, 0x0000018e2bed7320,
0x0000018e2bedb740, 0x0000018e2c163550, 0x0000018e2c165dd0, 0x0000018e2cd5c040
}

Java Threads: ( => current thread )
  0x0000018e02d342c0 JavaThread "main" [_thread_blocked, id=33824, stack(0x0000002876000000,0x0000002876100000)]
  0x0000018e27a6f050 JavaThread "Reference Handler" daemon [_thread_blocked, id=28292, stack(0x0000002876700000,0x0000002876800000)]
  0x0000018e27a70360 JavaThread "Finalizer" daemon [_thread_blocked, id=15672, stack(0x0000002876800000,0x0000002876900000)]
  0x0000018e27a8a310 JavaThread "Signal Dispatcher" daemon [_thread_blocked, id=25104, stack(0x0000002876900000,0x0000002876a00000)]
  0x0000018e27a8abc0 JavaThread "Attach Listener" daemon [_thread_blocked, id=30960, stack(0x0000002876a00000,0x0000002876b00000)]
  0x0000018e27a8dc20 JavaThread "Service Thread" daemon [_thread_blocked, id=20172, stack(0x0000002876b00000,0x0000002876c00000)]
  0x0000018e27a909c0 JavaThread "Monitor Deflation Thread" daemon [_thread_blocked, id=29916, stack(0x0000002876c00000,0x0000002876d00000)]
  0x0000018e27a9baa0 JavaThread "C2 CompilerThread0" daemon [_thread_blocked, id=31772, stack(0x0000002876d00000,0x0000002876e00000)]
  0x0000018e27aa4770 JavaThread "C1 CompilerThread0" daemon [_thread_blocked, id=21980, stack(0x0000002876e00000,0x0000002876f00000)]
  0x0000018e27ab7070 JavaThread "Sweeper thread" daemon [_thread_blocked, id=23052, stack(0x0000002876f00000,0x0000002877000000)]
  0x0000018e2bdb2270 JavaThread "Common-Cleaner" daemon [_thread_blocked, id=27828, stack(0x0000002877000000,0x0000002877100000)]
  0x0000018e2bed7320 JavaThread "Monitor Ctrl-Break" daemon [_thread_in_native, id=34360, stack(0x0000002877100000,0x0000002877200000)]
  0x0000018e2bedb740 JavaThread "Notification Thread" daemon [_thread_blocked, id=27308, stack(0x0000002877200000,0x0000002877300000)]
  0x0000018e2c163550 JavaThread "C2 CompilerThread1" daemon [_thread_blocked, id=20628, stack(0x0000002877400000,0x0000002877500000)]
=>0x0000018e2c165dd0 JavaThread "C2 CompilerThread2" daemon [_thread_in_vm, id=32500, stack(0x0000002877d00000,0x0000002877e00000)]
  0x0000018e2cd5c040 JavaThread "ForkJoinPool.commonPool-worker-1" daemon [_thread_blocked, id=30096, stack(0x0000002877e00000,0x0000002877f00000)]

Other Threads:
  0x0000018e27a6b390 VMThread "VM Thread" [stack: 0x0000002876600000,0x0000002876700000] [id=28332] _threads_hazard_ptr=0x0000018e2cca0ec0
  0x0000018e2bed77e0 WatcherThread "VM Periodic Task Thread" [stack: 0x0000002877300000,0x0000002877400000] [id=30656]
  0x0000018e02da52a0 WorkerThread "GC Thread#0" [stack: 0x0000002876100000,0x0000002876200000] [id=24988]
  0x0000018e2c7b1540 WorkerThread "GC Thread#1" [stack: 0x0000002877500000,0x0000002877600000] [id=34828]
  0x0000018e2c7b4130 WorkerThread "GC Thread#2" [stack: 0x0000002877600000,0x0000002877700000] [id=24120]
  0x0000018e2c78f020 WorkerThread "GC Thread#3" [stack: 0x0000002877700000,0x0000002877800000] [id=21248]
  0x0000018e2c78f6d0 WorkerThread "GC Thread#4" [stack: 0x0000002877800000,0x0000002877900000] [id=16536]
  0x0000018e2c78f970 WorkerThread "GC Thread#5" [stack: 0x0000002877900000,0x0000002877a00000] [id=26004]
  0x0000018e2c99f7c0 WorkerThread "GC Thread#6" [stack: 0x0000002877a00000,0x0000002877b00000] [id=30524]
  0x0000018e2c99fa60 WorkerThread "GC Thread#7" [stack: 0x0000002877b00000,0x0000002877c00000] [id=22176]
  0x0000018e02db5f60 ConcurrentGCThread "G1 Main Marker" [stack: 0x0000002876200000,0x0000002876300000] [id=32620]
  0x0000018e02db7000 WorkerThread "G1 Conc#0" [stack: 0x0000002876300000,0x0000002876400000] [id=19144]
  0x0000018e02dee5c0 ConcurrentGCThread "G1 Refine#0" [stack: 0x0000002876400000,0x0000002876500000] [id=6968]
  0x0000018e2c94e690 ConcurrentGCThread "G1 Refine#1" [stack: 0x0000002877c00000,0x0000002877d00000] [id=28156]
  0x0000018e27927130 ConcurrentGCThread "G1 Service" [stack: 0x0000002876500000,0x0000002876600000] [id=16308]

Threads with active compile tasks:
C2 CompilerThread2     2013 2047       4       java.lang.invoke.MethodType::makeImpl (109 bytes)

VM state: not at safepoint (normal execution)

VM Mutex/Monitor currently owned by a thread:  ([mutex/lock_event])
[0x0000018e02d30b30] Compile_lock - owner thread: 0x0000018e02d342c0

Heap address: 0x0000000701800000, size: 4072 MB, Compressed Oops mode: Zero based, Oop shift amount: 3

CDS archive(s) mapped at: [0x0000000800000000-0x0000000800ba0000-0x0000000800ba0000), size 12189696, SharedBaseAddress: 0x0000000800000000, ArchiveRelocationMode: 0.
Compressed class space mapped at: 0x0000000800c00000-0x0000000840c00000, reserved size: 1073741824
Narrow klass base: 0x0000000800000000, Narrow klass shift: 0, Narrow klass range: 0x100000000

GC Precious Log:
 CardTable entry size: 512
 Card Set container configuration: InlinePtr #cards 4 size 8 Array Of Cards #cards 16 size 48 Howl #buckets 8 coarsen threshold 3686 Howl Bitmap #cards 512 size 80 coarsen threshold 460 Card regions per heap region 1 cards per card region 4096
 CPUs: 8 total, 8 available
 Memory: 16280M
 Large Page Support: Disabled
 NUMA Support: Disabled
 Compressed Oops: Enabled (Zero based)
 Heap Region Size: 2M
 Heap Min Capacity: 8M
 Heap Initial Capacity: 256M
 Heap Max Capacity: 4072M
 Pre-touch: Disabled
 Parallel Workers: 8
 Concurrent Workers: 2
 Concurrent Refinement Workers: 8
 Periodic GC: Disabled

Heap:
 garbage-first heap   total 262144K, used 25407K [0x0000000701800000, 0x0000000800000000)
  region size 2048K, 10 young (20480K), 2 survivors (4096K)
 Metaspace       used 12301K, committed 12608K, reserved 1114112K
  class space    used 1370K, committed 1536K, reserved 1048576K

Heap Regions: E=young(eden), S=young(survivor), O=old, HS=humongous(starts), HC=humongous(continues), CS=collection set, F=free, OA=open archive, CA=closed archive, TAMS=top-at-mark-start (previous, next)
|   0|0x0000000701800000, 0x0000000701a00000, 0x0000000701a00000|100%| O|  |TAMS 0x0000000701800000, 0x0000000701800000| Untracked 
|   1|0x0000000701a00000, 0x0000000701c00000, 0x0000000701c00000|100%| O|  |TAMS 0x0000000701a00000, 0x0000000701a00000| Untracked 
|   2|0x0000000701c00000, 0x0000000701e00000, 0x0000000701e00000|100%| O|  |TAMS 0x0000000701c00000, 0x0000000701c00000| Untracked 
|   3|0x0000000701e00000, 0x0000000701ecfe00, 0x0000000702000000| 40%| O|  |TAMS 0x0000000701e00000, 0x0000000701e00000| Untracked 
|   4|0x0000000702000000, 0x0000000702000000, 0x0000000702200000|  0%| F|  |TAMS 0x0000000702000000, 0x0000000702000000| Untracked 
|   5|0x0000000702200000, 0x0000000702200000, 0x0000000702400000|  0%| F|  |TAMS 0x0000000702200000, 0x0000000702200000| Untracked 
|   6|0x0000000702400000, 0x0000000702400000, 0x0000000702600000|  0%| F|  |TAMS 0x0000000702400000, 0x0000000702400000| Untracked 
|   7|0x0000000702600000, 0x0000000702600000, 0x0000000702800000|  0%| F|  |TAMS 0x0000000702600000, 0x0000000702600000| Untracked 
|   8|0x0000000702800000, 0x0000000702800000, 0x0000000702a00000|  0%| F|  |TAMS 0x0000000702800000, 0x0000000702800000| Untracked 
|   9|0x0000000702a00000, 0x0000000702a00000, 0x0000000702c00000|  0%| F|  |TAMS 0x0000000702a00000, 0x0000000702a00000| Untracked 
|  10|0x0000000702c00000, 0x0000000702c00000, 0x0000000702e00000|  0%| F|  |TAMS 0x0000000702c00000, 0x0000000702c00000| Untracked 
|  11|0x0000000702e00000, 0x0000000702e00000, 0x0000000703000000|  0%| F|  |TAMS 0x0000000702e00000, 0x0000000702e00000| Untracked 
|  12|0x0000000703000000, 0x0000000703000000, 0x0000000703200000|  0%| F|  |TAMS 0x0000000703000000, 0x0000000703000000| Untracked 
|  13|0x0000000703200000, 0x0000000703200000, 0x0000000703400000|  0%| F|  |TAMS 0x0000000703200000, 0x0000000703200000| Untracked 
|  14|0x0000000703400000, 0x0000000703400000, 0x0000000703600000|  0%| F|  |TAMS 0x0000000703400000, 0x0000000703400000| Untracked 
|  15|0x0000000703600000, 0x0000000703600000, 0x0000000703800000|  0%| F|  |TAMS 0x0000000703600000, 0x0000000703600000| Untracked 
|  16|0x0000000703800000, 0x0000000703800000, 0x0000000703a00000|  0%| F|  |TAMS 0x0000000703800000, 0x0000000703800000| Untracked 
|  17|0x0000000703a00000, 0x0000000703a00000, 0x0000000703c00000|  0%| F|  |TAMS 0x0000000703a00000, 0x0000000703a00000| Untracked 
|  18|0x0000000703c00000, 0x0000000703c00000, 0x0000000703e00000|  0%| F|  |TAMS 0x0000000703c00000, 0x0000000703c00000| Untracked 
|  19|0x0000000703e00000, 0x0000000703e00000, 0x0000000704000000|  0%| F|  |TAMS 0x0000000703e00000, 0x0000000703e00000| Untracked 
|  20|0x0000000704000000, 0x0000000704000000, 0x0000000704200000|  0%| F|  |TAMS 0x0000000704000000, 0x0000000704000000| Untracked 
|  21|0x0000000704200000, 0x0000000704200000, 0x0000000704400000|  0%| F|  |TAMS 0x0000000704200000, 0x0000000704200000| Untracked 
|  22|0x0000000704400000, 0x0000000704400000, 0x0000000704600000|  0%| F|  |TAMS 0x0000000704400000, 0x0000000704400000| Untracked 
|  23|0x0000000704600000, 0x0000000704600000, 0x0000000704800000|  0%| F|  |TAMS 0x0000000704600000, 0x0000000704600000| Untracked 
|  24|0x0000000704800000, 0x0000000704800000, 0x0000000704a00000|  0%| F|  |TAMS 0x0000000704800000, 0x0000000704800000| Untracked 
|  25|0x0000000704a00000, 0x0000000704a00000, 0x0000000704c00000|  0%| F|  |TAMS 0x0000000704a00000, 0x0000000704a00000| Untracked 
|  26|0x0000000704c00000, 0x0000000704c00000, 0x0000000704e00000|  0%| F|  |TAMS 0x0000000704c00000, 0x0000000704c00000| Untracked 
|  27|0x0000000704e00000, 0x0000000704e00000, 0x0000000705000000|  0%| F|  |TAMS 0x0000000704e00000, 0x0000000704e00000| Untracked 
|  28|0x0000000705000000, 0x0000000705000000, 0x0000000705200000|  0%| F|  |TAMS 0x0000000705000000, 0x0000000705000000| Untracked 
|  29|0x0000000705200000, 0x0000000705200000, 0x0000000705400000|  0%| F|  |TAMS 0x0000000705200000, 0x0000000705200000| Untracked 
|  30|0x0000000705400000, 0x0000000705400000, 0x0000000705600000|  0%| F|  |TAMS 0x0000000705400000, 0x0000000705400000| Untracked 
|  31|0x0000000705600000, 0x0000000705600000, 0x0000000705800000|  0%| F|  |TAMS 0x0000000705600000, 0x0000000705600000| Untracked 
|  32|0x0000000705800000, 0x0000000705800000, 0x0000000705a00000|  0%| F|  |TAMS 0x0000000705800000, 0x0000000705800000| Untracked 
|  33|0x0000000705a00000, 0x0000000705a00000, 0x0000000705c00000|  0%| F|  |TAMS 0x0000000705a00000, 0x0000000705a00000| Untracked 
|  34|0x0000000705c00000, 0x0000000705c00000, 0x0000000705e00000|  0%| F|  |TAMS 0x0000000705c00000, 0x0000000705c00000| Untracked 
|  35|0x0000000705e00000, 0x0000000705e00000, 0x0000000706000000|  0%| F|  |TAMS 0x0000000705e00000, 0x0000000705e00000| Untracked 
|  36|0x0000000706000000, 0x0000000706000000, 0x0000000706200000|  0%| F|  |TAMS 0x0000000706000000, 0x0000000706000000| Untracked 
|  37|0x0000000706200000, 0x0000000706200000, 0x0000000706400000|  0%| F|  |TAMS 0x0000000706200000, 0x0000000706200000| Untracked 
|  38|0x0000000706400000, 0x0000000706400000, 0x0000000706600000|  0%| F|  |TAMS 0x0000000706400000, 0x0000000706400000| Untracked 
|  39|0x0000000706600000, 0x0000000706600000, 0x0000000706800000|  0%| F|  |TAMS 0x0000000706600000, 0x0000000706600000| Untracked 
|  40|0x0000000706800000, 0x0000000706800000, 0x0000000706a00000|  0%| F|  |TAMS 0x0000000706800000, 0x0000000706800000| Untracked 
|  41|0x0000000706a00000, 0x0000000706a00000, 0x0000000706c00000|  0%| F|  |TAMS 0x0000000706a00000, 0x0000000706a00000| Untracked 
|  42|0x0000000706c00000, 0x0000000706c00000, 0x0000000706e00000|  0%| F|  |TAMS 0x0000000706c00000, 0x0000000706c00000| Untracked 
|  43|0x0000000706e00000, 0x0000000706e00000, 0x0000000707000000|  0%| F|  |TAMS 0x0000000706e00000, 0x0000000706e00000| Untracked 
|  44|0x0000000707000000, 0x0000000707000000, 0x0000000707200000|  0%| F|  |TAMS 0x0000000707000000, 0x0000000707000000| Untracked 
|  45|0x0000000707200000, 0x0000000707200000, 0x0000000707400000|  0%| F|  |TAMS 0x0000000707200000, 0x0000000707200000| Untracked 
|  46|0x0000000707400000, 0x0000000707400000, 0x0000000707600000|  0%| F|  |TAMS 0x0000000707400000, 0x0000000707400000| Untracked 
|  47|0x0000000707600000, 0x0000000707600000, 0x0000000707800000|  0%| F|  |TAMS 0x0000000707600000, 0x0000000707600000| Untracked 
|  48|0x0000000707800000, 0x0000000707800000, 0x0000000707a00000|  0%| F|  |TAMS 0x0000000707800000, 0x0000000707800000| Untracked 
|  49|0x0000000707a00000, 0x0000000707a00000, 0x0000000707c00000|  0%| F|  |TAMS 0x0000000707a00000, 0x0000000707a00000| Untracked 
|  50|0x0000000707c00000, 0x0000000707c00000, 0x0000000707e00000|  0%| F|  |TAMS 0x0000000707c00000, 0x0000000707c00000| Untracked 
|  51|0x0000000707e00000, 0x0000000707e00000, 0x0000000708000000|  0%| F|  |TAMS 0x0000000707e00000, 0x0000000707e00000| Untracked 
|  52|0x0000000708000000, 0x0000000708000000, 0x0000000708200000|  0%| F|  |TAMS 0x0000000708000000, 0x0000000708000000| Untracked 
|  53|0x0000000708200000, 0x0000000708200000, 0x0000000708400000|  0%| F|  |TAMS 0x0000000708200000, 0x0000000708200000| Untracked 
|  54|0x0000000708400000, 0x0000000708400000, 0x0000000708600000|  0%| F|  |TAMS 0x0000000708400000, 0x0000000708400000| Untracked 
|  55|0x0000000708600000, 0x0000000708600000, 0x0000000708800000|  0%| F|  |TAMS 0x0000000708600000, 0x0000000708600000| Untracked 
|  56|0x0000000708800000, 0x0000000708800000, 0x0000000708a00000|  0%| F|  |TAMS 0x0000000708800000, 0x0000000708800000| Untracked 
|  57|0x0000000708a00000, 0x0000000708a00000, 0x0000000708c00000|  0%| F|  |TAMS 0x0000000708a00000, 0x0000000708a00000| Untracked 
|  58|0x0000000708c00000, 0x0000000708c00000, 0x0000000708e00000|  0%| F|  |TAMS 0x0000000708c00000, 0x0000000708c00000| Untracked 
|  59|0x0000000708e00000, 0x0000000708e00000, 0x0000000709000000|  0%| F|  |TAMS 0x0000000708e00000, 0x0000000708e00000| Untracked 
|  60|0x0000000709000000, 0x0000000709000000, 0x0000000709200000|  0%| F|  |TAMS 0x0000000709000000, 0x0000000709000000| Untracked 
|  61|0x0000000709200000, 0x0000000709200000, 0x0000000709400000|  0%| F|  |TAMS 0x0000000709200000, 0x0000000709200000| Untracked 
|  62|0x0000000709400000, 0x0000000709400000, 0x0000000709600000|  0%| F|  |TAMS 0x0000000709400000, 0x0000000709400000| Untracked 
|  63|0x0000000709600000, 0x0000000709600000, 0x0000000709800000|  0%| F|  |TAMS 0x0000000709600000, 0x0000000709600000| Untracked 
|  64|0x0000000709800000, 0x0000000709800000, 0x0000000709a00000|  0%| F|  |TAMS 0x0000000709800000, 0x0000000709800000| Untracked 
|  65|0x0000000709a00000, 0x0000000709a00000, 0x0000000709c00000|  0%| F|  |TAMS 0x0000000709a00000, 0x0000000709a00000| Untracked 
|  66|0x0000000709c00000, 0x0000000709c00000, 0x0000000709e00000|  0%| F|  |TAMS 0x0000000709c00000, 0x0000000709c00000| Untracked 
|  67|0x0000000709e00000, 0x0000000709e00000, 0x000000070a000000|  0%| F|  |TAMS 0x0000000709e00000, 0x0000000709e00000| Untracked 
|  68|0x000000070a000000, 0x000000070a000000, 0x000000070a200000|  0%| F|  |TAMS 0x000000070a000000, 0x000000070a000000| Untracked 
|  69|0x000000070a200000, 0x000000070a200000, 0x000000070a400000|  0%| F|  |TAMS 0x000000070a200000, 0x000000070a200000| Untracked 
|  70|0x000000070a400000, 0x000000070a400000, 0x000000070a600000|  0%| F|  |TAMS 0x000000070a400000, 0x000000070a400000| Untracked 
|  71|0x000000070a600000, 0x000000070a600000, 0x000000070a800000|  0%| F|  |TAMS 0x000000070a600000, 0x000000070a600000| Untracked 
|  72|0x000000070a800000, 0x000000070a800000, 0x000000070aa00000|  0%| F|  |TAMS 0x000000070a800000, 0x000000070a800000| Untracked 
|  73|0x000000070aa00000, 0x000000070aa00000, 0x000000070ac00000|  0%| F|  |TAMS 0x000000070aa00000, 0x000000070aa00000| Untracked 
|  74|0x000000070ac00000, 0x000000070ac00000, 0x000000070ae00000|  0%| F|  |TAMS 0x000000070ac00000, 0x000000070ac00000| Untracked 
|  75|0x000000070ae00000, 0x000000070ae00000, 0x000000070b000000|  0%| F|  |TAMS 0x000000070ae00000, 0x000000070ae00000| Untracked 
|  76|0x000000070b000000, 0x000000070b000000, 0x000000070b200000|  0%| F|  |TAMS 0x000000070b000000, 0x000000070b000000| Untracked 
|  77|0x000000070b200000, 0x000000070b200000, 0x000000070b400000|  0%| F|  |TAMS 0x000000070b200000, 0x000000070b200000| Untracked 
|  78|0x000000070b400000, 0x000000070b400000, 0x000000070b600000|  0%| F|  |TAMS 0x000000070b400000, 0x000000070b400000| Untracked 
|  79|0x000000070b600000, 0x000000070b600000, 0x000000070b800000|  0%| F|  |TAMS 0x000000070b600000, 0x000000070b600000| Untracked 
|  80|0x000000070b800000, 0x000000070b800000, 0x000000070ba00000|  0%| F|  |TAMS 0x000000070b800000, 0x000000070b800000| Untracked 
|  81|0x000000070ba00000, 0x000000070ba00000, 0x000000070bc00000|  0%| F|  |TAMS 0x000000070ba00000, 0x000000070ba00000| Untracked 
|  82|0x000000070bc00000, 0x000000070bc00000, 0x000000070be00000|  0%| F|  |TAMS 0x000000070bc00000, 0x000000070bc00000| Untracked 
|  83|0x000000070be00000, 0x000000070be00000, 0x000000070c000000|  0%| F|  |TAMS 0x000000070be00000, 0x000000070be00000| Untracked 
|  84|0x000000070c000000, 0x000000070c000000, 0x000000070c200000|  0%| F|  |TAMS 0x000000070c000000, 0x000000070c000000| Untracked 
|  85|0x000000070c200000, 0x000000070c200000, 0x000000070c400000|  0%| F|  |TAMS 0x000000070c200000, 0x000000070c200000| Untracked 
|  86|0x000000070c400000, 0x000000070c400000, 0x000000070c600000|  0%| F|  |TAMS 0x000000070c400000, 0x000000070c400000| Untracked 
|  87|0x000000070c600000, 0x000000070c600000, 0x000000070c800000|  0%| F|  |TAMS 0x000000070c600000, 0x000000070c600000| Untracked 
|  88|0x000000070c800000, 0x000000070c800000, 0x000000070ca00000|  0%| F|  |TAMS 0x000000070c800000, 0x000000070c800000| Untracked 
|  89|0x000000070ca00000, 0x000000070ca00000, 0x000000070cc00000|  0%| F|  |TAMS 0x000000070ca00000, 0x000000070ca00000| Untracked 
|  90|0x000000070cc00000, 0x000000070cc00000, 0x000000070ce00000|  0%| F|  |TAMS 0x000000070cc00000, 0x000000070cc00000| Untracked 
|  91|0x000000070ce00000, 0x000000070ce00000, 0x000000070d000000|  0%| F|  |TAMS 0x000000070ce00000, 0x000000070ce00000| Untracked 
|  92|0x000000070d000000, 0x000000070d000000, 0x000000070d200000|  0%| F|  |TAMS 0x000000070d000000, 0x000000070d000000| Untracked 
|  93|0x000000070d200000, 0x000000070d200000, 0x000000070d400000|  0%| F|  |TAMS 0x000000070d200000, 0x000000070d200000| Untracked 
|  94|0x000000070d400000, 0x000000070d400000, 0x000000070d600000|  0%| F|  |TAMS 0x000000070d400000, 0x000000070d400000| Untracked 
|  95|0x000000070d600000, 0x000000070d600000, 0x000000070d800000|  0%| F|  |TAMS 0x000000070d600000, 0x000000070d600000| Untracked 
|  96|0x000000070d800000, 0x000000070d800000, 0x000000070da00000|  0%| F|  |TAMS 0x000000070d800000, 0x000000070d800000| Untracked 
|  97|0x000000070da00000, 0x000000070da00000, 0x000000070dc00000|  0%| F|  |TAMS 0x000000070da00000, 0x000000070da00000| Untracked 
|  98|0x000000070dc00000, 0x000000070dc00000, 0x000000070de00000|  0%| F|  |TAMS 0x000000070dc00000, 0x000000070dc00000| Untracked 
|  99|0x000000070de00000, 0x000000070de00000, 0x000000070e000000|  0%| F|  |TAMS 0x000000070de00000, 0x000000070de00000| Untracked 
| 100|0x000000070e000000, 0x000000070e000000, 0x000000070e200000|  0%| F|  |TAMS 0x000000070e000000, 0x000000070e000000| Untracked 
| 101|0x000000070e200000, 0x000000070e200000, 0x000000070e400000|  0%| F|  |TAMS 0x000000070e200000, 0x000000070e200000| Untracked 
| 102|0x000000070e400000, 0x000000070e400000, 0x000000070e600000|  0%| F|  |TAMS 0x000000070e400000, 0x000000070e400000| Untracked 
| 103|0x000000070e600000, 0x000000070e600000, 0x000000070e800000|  0%| F|  |TAMS 0x000000070e600000, 0x000000070e600000| Untracked 
| 104|0x000000070e800000, 0x000000070e800000, 0x000000070ea00000|  0%| F|  |TAMS 0x000000070e800000, 0x000000070e800000| Untracked 
| 105|0x000000070ea00000, 0x000000070ea00000, 0x000000070ec00000|  0%| F|  |TAMS 0x000000070ea00000, 0x000000070ea00000| Untracked 
| 106|0x000000070ec00000, 0x000000070ec00000, 0x000000070ee00000|  0%| F|  |TAMS 0x000000070ec00000, 0x000000070ec00000| Untracked 
| 107|0x000000070ee00000, 0x000000070ee00000, 0x000000070f000000|  0%| F|  |TAMS 0x000000070ee00000, 0x000000070ee00000| Untracked 
| 108|0x000000070f000000, 0x000000070f000000, 0x000000070f200000|  0%| F|  |TAMS 0x000000070f000000, 0x000000070f000000| Untracked 
| 109|0x000000070f200000, 0x000000070f200000, 0x000000070f400000|  0%| F|  |TAMS 0x000000070f200000, 0x000000070f200000| Untracked 
| 110|0x000000070f400000, 0x000000070f400000, 0x000000070f600000|  0%| F|  |TAMS 0x000000070f400000, 0x000000070f400000| Untracked 
| 111|0x000000070f600000, 0x000000070f600000, 0x000000070f800000|  0%| F|  |TAMS 0x000000070f600000, 0x000000070f600000| Untracked 
| 112|0x000000070f800000, 0x000000070f800000, 0x000000070fa00000|  0%| F|  |TAMS 0x000000070f800000, 0x000000070f800000| Untracked 
| 113|0x000000070fa00000, 0x000000070fa00000, 0x000000070fc00000|  0%| F|  |TAMS 0x000000070fa00000, 0x000000070fa00000| Untracked 
| 114|0x000000070fc00000, 0x000000070fe00000, 0x000000070fe00000|100%| S|CS|TAMS 0x000000070fc00000, 0x000000070fc00000| Complete 
| 115|0x000000070fe00000, 0x000000070fe00000, 0x0000000710000000|  0%| F|  |TAMS 0x000000070fe00000, 0x000000070fe00000| Untracked 
| 116|0x0000000710000000, 0x0000000710000000, 0x0000000710200000|  0%| F|  |TAMS 0x0000000710000000, 0x0000000710000000| Untracked 
| 117|0x0000000710200000, 0x0000000710400000, 0x0000000710400000|100%| S|CS|TAMS 0x0000000710200000, 0x0000000710200000| Complete 
| 118|0x0000000710400000, 0x0000000710400000, 0x0000000710600000|  0%| F|  |TAMS 0x0000000710400000, 0x0000000710400000| Untracked 
| 119|0x0000000710600000, 0x0000000710600000, 0x0000000710800000|  0%| F|  |TAMS 0x0000000710600000, 0x0000000710600000| Untracked 
| 120|0x0000000710800000, 0x0000000710a00000, 0x0000000710a00000|100%| E|  |TAMS 0x0000000710800000, 0x0000000710800000| Complete 
| 121|0x0000000710a00000, 0x0000000710c00000, 0x0000000710c00000|100%| E|CS|TAMS 0x0000000710a00000, 0x0000000710a00000| Complete 
| 122|0x0000000710c00000, 0x0000000710e00000, 0x0000000710e00000|100%| E|CS|TAMS 0x0000000710c00000, 0x0000000710c00000| Complete 
| 123|0x0000000710e00000, 0x0000000711000000, 0x0000000711000000|100%| E|CS|TAMS 0x0000000710e00000, 0x0000000710e00000| Complete 
| 124|0x0000000711000000, 0x0000000711200000, 0x0000000711200000|100%| E|CS|TAMS 0x0000000711000000, 0x0000000711000000| Complete 
| 125|0x0000000711200000, 0x0000000711400000, 0x0000000711400000|100%| E|CS|TAMS 0x0000000711200000, 0x0000000711200000| Complete 
| 126|0x0000000711400000, 0x0000000711600000, 0x0000000711600000|100%| E|CS|TAMS 0x0000000711400000, 0x0000000711400000| Complete 
| 127|0x0000000711600000, 0x0000000711800000, 0x0000000711800000|100%| E|CS|TAMS 0x0000000711600000, 0x0000000711600000| Complete 

Card table byte_map: [0x0000018e1c0b0000,0x0000018e1c8b0000] _byte_map_base: 0x0000018e188a4000

Marking Bits (Prev, Next): (CMBitMap*) 0x0000018e02da57b0, (CMBitMap*) 0x0000018e02da57f0
 Prev Bits: [0x0000018e1d0b0000, 0x0000018e21050000)
 Next Bits: [0x0000018e21050000, 0x0000018e24ff0000)

Polling page: 0x0000018e02df0000

Metaspace:

Usage:
  Non-class:     10.67 MB used.
      Class:      1.34 MB used.
       Both:     12.01 MB used.

Virtual space:
  Non-class space:       64.00 MB reserved,      10.81 MB ( 17%) committed,  1 nodes.
      Class space:        1.00 GB reserved,       1.50 MB ( <1%) committed,  1 nodes.
             Both:        1.06 GB reserved,      12.31 MB (  1%) committed. 

Chunk freelists:
   Non-Class:  1.19 MB
       Class:  2.41 MB
        Both:  3.60 MB

MaxMetaspaceSize: unlimited
CompressedClassSpaceSize: 1.00 GB
Initial GC threshold: 21.00 MB
Current GC threshold: 21.00 MB
CDS: on
MetaspaceReclaimPolicy: balanced
 - commit_granule_bytes: 65536.
 - commit_granule_words: 8192.
 - virtual_space_node_default_size: 8388608.
 - enlarge_chunks_in_place: 1.
 - new_chunks_are_fully_committed: 0.
 - uncommit_free_chunks: 1.
 - use_allocation_guard: 0.


Internal statistics:

num_allocs_failed_limit: 0.
num_arena_births: 270.
num_arena_deaths: 0.
num_vsnodes_births: 2.
num_vsnodes_deaths: 0.
num_space_committed: 197.
num_space_uncommitted: 0.
num_chunks_returned_to_freelist: 0.
num_chunks_taken_from_freelist: 527.
num_chunk_merges: 0.
num_chunk_splits: 343.
num_chunks_enlarged: 244.
num_inconsistent_stats: 0.

CodeHeap 'non-profiled nmethods': size=120000Kb used=845Kb max_used=845Kb free=119154Kb
 bounds [0x0000018e13900000, 0x0000018e13b70000, 0x0000018e1ae30000]
CodeHeap 'profiled nmethods': size=120000Kb used=4042Kb max_used=4042Kb free=115958Kb
 bounds [0x0000018e0c3d0000, 0x0000018e0c7d0000, 0x0000018e13900000]
CodeHeap 'non-nmethods': size=5760Kb used=1226Kb max_used=1237Kb free=4533Kb
 bounds [0x0000018e0be30000, 0x0000018e0c0a0000, 0x0000018e0c3d0000]
 total_blobs=2569 nmethods=2055 adapters=426
 compilation: enabled
              stopped_count=0, restarted_count=0
 full_count=0

Compilation events (20 events):
Event: 1.964 Thread 0x0000018e27aa4770 nmethod 2049 0x0000018e0c7bb010 code [0x0000018e0c7bb220, 0x0000018e0c7bb938]
Event: 1.965 Thread 0x0000018e27aa4770 2050       1       java.lang.invoke.MethodHandle::internalForm (5 bytes)
Event: 1.965 Thread 0x0000018e27aa4770 nmethod 2050 0x0000018e139d1a90 code [0x0000018e139d1c20, 0x0000018e139d1cf8]
Event: 1.966 Thread 0x0000018e27aa4770 2051       3       java.lang.invoke.MethodType::methodType (9 bytes)
Event: 1.966 Thread 0x0000018e27a9baa0 2052       4       java.util.Arrays::copyOf (40 bytes)
Event: 1.966 Thread 0x0000018e27aa4770 nmethod 2051 0x0000018e0c7bbb90 code [0x0000018e0c7bbd20, 0x0000018e0c7bbe48]
Event: 1.969 Thread 0x0000018e27a9baa0 nmethod 2052 0x0000018e139d1d90 code [0x0000018e139d1f20, 0x0000018e139d2358]
Event: 1.969 Thread 0x0000018e27aa4770 2053       3       java.lang.Character::isLetterOrDigit (5 bytes)
Event: 1.970 Thread 0x0000018e27aa4770 nmethod 2053 0x0000018e0c7bbf10 code [0x0000018e0c7bc0e0, 0x0000018e0c7bc3f8]
Event: 1.970 Thread 0x0000018e27aa4770 2054       3       java.lang.Character::isLetterOrDigit (19 bytes)
Event: 1.970 Thread 0x0000018e27aa4770 nmethod 2054 0x0000018e0c7bc510 code [0x0000018e0c7bc6c0, 0x0000018e0c7bc978]
Event: 1.972 Thread 0x0000018e2c163550 nmethod 2046 0x0000018e139d2590 code [0x0000018e139d2760, 0x0000018e139d30a8]
Event: 1.974 Thread 0x0000018e27aa4770 2055       3       java.util.Properties$LineReader::readLine (584 bytes)
Event: 1.976 Thread 0x0000018e27aa4770 nmethod 2055 0x0000018e0c7bca90 code [0x0000018e0c7bce60, 0x0000018e0c7bf9f8]
Event: 1.976 Thread 0x0000018e27aa4770 2056       3       java.lang.invoke.MethodHandleNatives::linkCallSite (65 bytes)
Event: 1.977 Thread 0x0000018e27aa4770 nmethod 2056 0x0000018e0c7c0710 code [0x0000018e0c7c08e0, 0x0000018e0c7c0e28]
Event: 1.977 Thread 0x0000018e27aa4770 2057       3       java.lang.invoke.MethodHandleNatives::linkCallSiteImpl (44 bytes)
Event: 1.977 Thread 0x0000018e27aa4770 nmethod 2057 0x0000018e0c7c0f90 code [0x0000018e0c7c11c0, 0x0000018e0c7c1b18]
Event: 1.977 Thread 0x0000018e27aa4770 2058       3       java.lang.invoke.DirectMethodHandle$Holder::newInvokeSpecial (21 bytes)
Event: 1.978 Thread 0x0000018e27aa4770 nmethod 2058 0x0000018e0c7c1e90 code [0x0000018e0c7c2080, 0x0000018e0c7c2608]

GC Heap History (4 events):
Event: 1.166 GC heap before
{Heap before GC invocations=0 (full 0):
 garbage-first heap   total 262144K, used 20480K [0x0000000701800000, 0x0000000800000000)
  region size 2048K, 11 young (22528K), 0 survivors (0K)
 Metaspace       used 6473K, committed 6720K, reserved 1114112K
  class space    used 708K, committed 832K, reserved 1048576K
}
Event: 1.172 GC heap after
{Heap after GC invocations=1 (full 0):
 garbage-first heap   total 262144K, used 6672K [0x0000000701800000, 0x0000000800000000)
  region size 2048K, 2 young (4096K), 2 survivors (4096K)
 Metaspace       used 6473K, committed 6720K, reserved 1114112K
  class space    used 708K, committed 832K, reserved 1048576K
}
Event: 1.731 GC heap before
{Heap before GC invocations=1 (full 0):
 garbage-first heap   total 262144K, used 25104K [0x0000000701800000, 0x0000000800000000)
  region size 2048K, 12 young (24576K), 2 survivors (4096K)
 Metaspace       used 10665K, committed 10944K, reserved 1114112K
  class space    used 1152K, committed 1280K, reserved 1048576K
}
Event: 1.738 GC heap after
{Heap after GC invocations=2 (full 0):
 garbage-first heap   total 262144K, used 11071K [0x0000000701800000, 0x0000000800000000)
  region size 2048K, 2 young (4096K), 2 survivors (4096K)
 Metaspace       used 10665K, committed 10944K, reserved 1114112K
  class space    used 1152K, committed 1280K, reserved 1048576K
}

Deoptimization events (20 events):
Event: 1.908 Thread 0x0000018e02d342c0 Uncommon trap: trap_request=0xffffffc6 fr.pc=0x0000018e139a5fa4 relative=0x0000000000000084
Event: 1.908 Thread 0x0000018e02d342c0 Uncommon trap: reason=bimorphic_or_optimized_type_check action=maybe_recompile pc=0x0000018e139a5fa4 method=java.util.Collections$UnmodifiableCollection$1.hasNext()Z @ 4 c2
Event: 1.908 Thread 0x0000018e02d342c0 DEOPT PACKING pc=0x0000018e139a5fa4 sp=0x00000028760fda70
Event: 1.908 Thread 0x0000018e02d342c0 DEOPT UNPACKING pc=0x0000018e0be823a3 sp=0x00000028760fda00 mode 2
Event: 1.908 Thread 0x0000018e02d342c0 Uncommon trap: trap_request=0xffffffde fr.pc=0x0000018e139a6774 relative=0x00000000000000d4
Event: 1.908 Thread 0x0000018e02d342c0 Uncommon trap: reason=class_check action=maybe_recompile pc=0x0000018e139a6774 method=java.util.Collections$UnmodifiableCollection$1.next()Ljava/lang/Object; @ 4 c2
Event: 1.908 Thread 0x0000018e02d342c0 DEOPT PACKING pc=0x0000018e139a6774 sp=0x00000028760fda50
Event: 1.908 Thread 0x0000018e02d342c0 DEOPT UNPACKING pc=0x0000018e0be823a3 sp=0x00000028760fda00 mode 2
Event: 1.908 Thread 0x0000018e02d342c0 Uncommon trap: trap_request=0xffffffc6 fr.pc=0x0000018e139a5fa4 relative=0x0000000000000084
Event: 1.908 Thread 0x0000018e02d342c0 Uncommon trap: reason=bimorphic_or_optimized_type_check action=maybe_recompile pc=0x0000018e139a5fa4 method=java.util.Collections$UnmodifiableCollection$1.hasNext()Z @ 4 c2
Event: 1.908 Thread 0x0000018e02d342c0 DEOPT PACKING pc=0x0000018e139a5fa4 sp=0x00000028760fda70
Event: 1.909 Thread 0x0000018e02d342c0 DEOPT UNPACKING pc=0x0000018e0be823a3 sp=0x00000028760fda00 mode 2
Event: 1.909 Thread 0x0000018e02d342c0 Uncommon trap: trap_request=0xffffffde fr.pc=0x0000018e139a6774 relative=0x00000000000000d4
Event: 1.909 Thread 0x0000018e02d342c0 Uncommon trap: reason=class_check action=maybe_recompile pc=0x0000018e139a6774 method=java.util.Collections$UnmodifiableCollection$1.next()Ljava/lang/Object; @ 4 c2
Event: 1.909 Thread 0x0000018e02d342c0 DEOPT PACKING pc=0x0000018e139a6774 sp=0x00000028760fda50
Event: 1.909 Thread 0x0000018e02d342c0 DEOPT UNPACKING pc=0x0000018e0be823a3 sp=0x00000028760fda00 mode 2
Event: 1.941 Thread 0x0000018e02d342c0 Uncommon trap: trap_request=0xffffff45 fr.pc=0x0000018e139a1d44 relative=0x0000000000000bc4
Event: 1.941 Thread 0x0000018e02d342c0 Uncommon trap: reason=unstable_if action=reinterpret pc=0x0000018e139a1d44 method=java.io.BufferedReader.readLine(Z[Z)Ljava/lang/String; @ 63 c2
Event: 1.941 Thread 0x0000018e02d342c0 DEOPT PACKING pc=0x0000018e139a1d44 sp=0x00000028760fc660
Event: 1.941 Thread 0x0000018e02d342c0 DEOPT UNPACKING pc=0x0000018e0be823a3 sp=0x00000028760fc5f8 mode 2

Classes loaded (20 events):
Event: 1.905 Loading class sun/net/InetAddressCachePolicy$2
Event: 1.905 Loading class sun/net/InetAddressCachePolicy$2 done
Event: 1.905 Loading class java/net/InetAddress$CachedAddresses
Event: 1.905 Loading class java/net/InetAddress$CachedAddresses done
Event: 1.906 Loading class java/util/concurrent/atomic/Striped64$1
Event: 1.906 Loading class java/util/concurrent/atomic/Striped64$1 done
Event: 1.908 Loading class java/lang/ProcessEnvironment$CheckedKeySet
Event: 1.908 Loading class java/lang/ProcessEnvironment$CheckedKeySet done
Event: 1.914 Loading class java/util/concurrent/Executors
Event: 1.914 Loading class java/util/concurrent/Executors done
Event: 1.914 Loading class java/util/concurrent/ThreadPoolExecutor
Event: 1.914 Loading class java/util/concurrent/ThreadPoolExecutor done
Event: 1.914 Loading class java/util/concurrent/ThreadPoolExecutor$AbortPolicy
Event: 1.914 Loading class java/util/concurrent/RejectedExecutionHandler
Event: 1.914 Loading class java/util/concurrent/RejectedExecutionHandler done
Event: 1.914 Loading class java/util/concurrent/ThreadPoolExecutor$AbortPolicy done
Event: 1.929 Loading class java/io/InvalidObjectException
Event: 1.929 Loading class java/io/ObjectStreamException
Event: 1.929 Loading class java/io/ObjectStreamException done
Event: 1.929 Loading class java/io/InvalidObjectException done

Classes unloaded (0 events):
No events

Classes redefined (0 events):
No events

Internal exceptions (20 events):
Event: 1.003 Thread 0x0000018e02d342c0 Exception <a 'java/lang/NoSuchMethodError'{0x0000000710784f18}: 'java.lang.Object java.lang.invoke.DirectMethodHandle$Holder.newInvokeSpecial(java.lang.Object, java.lang.Object, java.lang.Object, java.lang.Object, java.lang.Object, java.lang.Object, java.lang.Object, java.lang.Object, java.lang.Object)'> (0x0000000710784f18) 
thrown [s\open\src\hotspot\share\interpreter\linkResolver.cpp, line 759]
Event: 1.004 Thread 0x0000018e02d342c0 Exception <a 'java/lang/NoSuchMethodError'{0x000000071078a278}: 'java.lang.Object java.lang.invoke.Invokers$Holder.linkToTargetMethod(java.lang.Object, java.lang.Object, java.lang.Object, java.lang.Object, java.lang.Object, java.lang.Object, java.lang.Object, java.lang.Object, java.lang.Object)'> (0x000000071078a278) 
thrown [s\open\src\hotspot\share\interpreter\linkResolver.cpp, line 759]
Event: 1.013 Thread 0x0000018e02d342c0 Exception <a 'java/lang/NoSuchMethodError'{0x00000007107b3c10}: 'java.lang.Object java.lang.invoke.DirectMethodHandle$Holder.newInvokeSpecial(java.lang.Object, java.lang.Object, java.lang.Object, java.lang.Object, java.lang.Object, java.lang.Object, java.lang.Object)'> (0x00000007107b3c10) 
thrown [s\open\src\hotspot\share\interpreter\linkResolver.cpp, line 759]
Event: 1.014 Thread 0x0000018e02d342c0 Exception <a 'java/lang/NoSuchMethodError'{0x00000007107b8880}: 'java.lang.Object java.lang.invoke.Invokers$Holder.linkToTargetMethod(java.lang.Object, java.lang.Object, java.lang.Object, java.lang.Object, java.lang.Object, java.lang.Object, java.lang.Object)'> (0x00000007107b8880) 
thrown [s\open\src\hotspot\share\interpreter\linkResolver.cpp, line 759]
Event: 1.016 Thread 0x0000018e02d342c0 Exception <a 'java/lang/NoSuchMethodError'{0x00000007107c22f8}: 'void java.lang.invoke.DirectMethodHandle$Holder.invokeStatic(java.lang.Object, java.lang.Object, java.lang.Object, java.lang.Object)'> (0x00000007107c22f8) 
thrown [s\open\src\hotspot\share\interpreter\linkResolver.cpp, line 759]
Event: 1.032 Thread 0x0000018e02d342c0 Exception <a 'java/lang/NoSuchMethodError'{0x000000071040e8b0}: 'java.lang.Object java.lang.invoke.DirectMethodHandle$Holder.newInvokeSpecial(java.lang.Object, java.lang.Object, java.lang.Object, java.lang.Object, java.lang.Object)'> (0x000000071040e8b0) 
thrown [s\open\src\hotspot\share\interpreter\linkResolver.cpp, line 759]
Event: 1.044 Thread 0x0000018e02d342c0 Exception <a 'java/lang/NoSuchMethodError'{0x000000071043e5e8}: 'int java.lang.invoke.DirectMethodHandle$Holder.invokeSpecial(java.lang.Object, java.lang.Object, java.lang.Object)'> (0x000000071043e5e8) 
thrown [s\open\src\hotspot\share\interpreter\linkResolver.cpp, line 759]
Event: 1.061 Thread 0x0000018e02d342c0 Exception <a 'java/lang/IncompatibleClassChangeError'{0x00000007104fa220}: Found class java.lang.Object, but interface was expected> (0x00000007104fa220) 
thrown [s\open\src\hotspot\share\interpreter\linkResolver.cpp, line 826]
Event: 1.077 Thread 0x0000018e02d342c0 Exception <a 'java/lang/NoSuchMethodError'{0x00000007105d85e0}: 'java.lang.Object java.lang.invoke.Invokers$Holder.linkToTargetMethod(java.lang.Object, long, java.lang.Object)'> (0x00000007105d85e0) 
thrown [s\open\src\hotspot\share\interpreter\linkResolver.cpp, line 759]
Event: 1.079 Thread 0x0000018e02d342c0 Exception <a 'java/lang/NoSuchMethodError'{0x00000007105e2b48}: 'java.lang.Object java.lang.invoke.DirectMethodHandle$Holder.newInvokeSpecial(java.lang.Object, java.lang.Object, int, java.lang.Object, java.lang.Object)'> (0x00000007105e2b48) 
thrown [s\open\src\hotspot\share\interpreter\linkResolver.cpp, line 759]
Event: 1.090 Thread 0x0000018e02d342c0 Exception <a 'java/lang/NoSuchMethodError'{0x0000000710286fc8}: 'java.lang.Object java.lang.invoke.DirectMethodHandle$Holder.invokeStatic(java.lang.Object, java.lang.Object, java.lang.Object, int, java.lang.Object, java.lang.Object)'> (0x0000000710286fc8) 
thrown [s\open\src\hotspot\share\interpreter\linkResolver.cpp, line 759]
Event: 1.091 Thread 0x0000018e02d342c0 Exception <a 'java/lang/NoSuchMethodError'{0x000000071028f0d0}: 'java.lang.Object java.lang.invoke.DirectMethodHandle$Holder.newInvokeSpecial(java.lang.Object, java.lang.Object, java.lang.Object, int, java.lang.Object)'> (0x000000071028f0d0) 
thrown [s\open\src\hotspot\share\interpreter\linkResolver.cpp, line 759]
Event: 1.092 Thread 0x0000018e02d342c0 Exception <a 'java/lang/NoSuchMethodError'{0x0000000710296ab0}: 'java.lang.Object java.lang.invoke.Invokers$Holder.linkToTargetMethod(java.lang.Object, java.lang.Object, int, java.lang.Object, java.lang.Object)'> (0x0000000710296ab0) 
thrown [s\open\src\hotspot\share\interpreter\linkResolver.cpp, line 759]
Event: 1.158 Thread 0x0000018e02d342c0 Exception <a 'java/lang/NoSuchMethodError'{0x00000007103e1d60}: 'void java.lang.invoke.DirectMethodHandle$Holder.invokeInterface(java.lang.Object, java.lang.Object)'> (0x00000007103e1d60) 
thrown [s\open\src\hotspot\share\interpreter\linkResolver.cpp, line 759]
Event: 1.423 Thread 0x0000018e02d342c0 Exception <a 'sun/nio/fs/WindowsException'{0x0000000710e79950}> (0x0000000710e79950) 
thrown [s\open\src\hotspot\share\prims\jni.cpp, line 516]
Event: 1.442 Thread 0x0000018e02d342c0 Exception <a 'java/lang/NoSuchMethodError'{0x0000000710e9d368}: 'java.lang.Object java.lang.invoke.DirectMethodHandle$Holder.invokeStaticInit(java.lang.Object)'> (0x0000000710e9d368) 
thrown [s\open\src\hotspot\share\interpreter\linkResolver.cpp, line 759]
Event: 1.616 Thread 0x0000018e02d342c0 Exception <a 'java/lang/NoSuchMethodError'{0x0000000710bf6f10}: 'java.lang.Object java.lang.invoke.DirectMethodHandle$Holder.invokeVirtual(java.lang.Object, java.lang.Object, java.lang.Object)'> (0x0000000710bf6f10) 
thrown [s\open\src\hotspot\share\interpreter\linkResolver.cpp, line 759]
Event: 1.907 Thread 0x0000018e02d342c0 Exception <a 'java/net/SocketException'{0x0000000710a3ade8}: Socket is not connected: shutdown> (0x0000000710a3ade8) 
thrown [s\open\src\hotspot\share\prims\jni.cpp, line 535]
Event: 1.907 Thread 0x0000018e02d342c0 Exception <a 'java/net/SocketException'{0x0000000710a3b680}: Socket is not connected: shutdown> (0x0000000710a3b680) 
thrown [s\open\src\hotspot\share\prims\jni.cpp, line 535]
Event: 1.960 Thread 0x0000018e02d342c0 Exception <a 'java/lang/NoSuchMethodError'{0x000000071087b620}: 'void java.lang.invoke.DirectMethodHandle$Holder.invokeStaticInit(java.lang.Object, java.lang.Object)'> (0x000000071087b620) 
thrown [s\open\src\hotspot\share\interpreter\linkResolver.cpp, line 759]

VM Operations (20 events):
Event: 0.986 Executing VM operation: HandshakeAllThreads
Event: 0.986 Executing VM operation: HandshakeAllThreads done
Event: 1.115 Executing VM operation: HandshakeAllThreads
Event: 1.115 Executing VM operation: HandshakeAllThreads done
Event: 1.115 Executing VM operation: Cleanup
Event: 1.115 Executing VM operation: Cleanup done
Event: 1.166 Executing VM operation: G1CollectForAllocation
Event: 1.172 Executing VM operation: G1CollectForAllocation done
Event: 1.251 Executing VM operation: HandshakeAllThreads
Event: 1.251 Executing VM operation: HandshakeAllThreads done
Event: 1.272 Executing VM operation: HandshakeAllThreads
Event: 1.272 Executing VM operation: HandshakeAllThreads done
Event: 1.305 Executing VM operation: HandshakeAllThreads
Event: 1.305 Executing VM operation: HandshakeAllThreads done
Event: 1.425 Executing VM operation: HandshakeAllThreads
Event: 1.425 Executing VM operation: HandshakeAllThreads done
Event: 1.651 Executing VM operation: HandshakeAllThreads
Event: 1.651 Executing VM operation: HandshakeAllThreads done
Event: 1.731 Executing VM operation: G1CollectForAllocation
Event: 1.738 Executing VM operation: G1CollectForAllocation done

Events (20 events):
Event: 0.041 Thread 0x0000018e27a8a310 Thread added: 0x0000018e27a8a310
Event: 0.041 Thread 0x0000018e27a8abc0 Thread added: 0x0000018e27a8abc0
Event: 0.042 Thread 0x0000018e27a8dc20 Thread added: 0x0000018e27a8dc20
Event: 0.042 Thread 0x0000018e27a909c0 Thread added: 0x0000018e27a909c0
Event: 0.042 Thread 0x0000018e27a9baa0 Thread added: 0x0000018e27a9baa0
Event: 0.042 Thread 0x0000018e27aa4770 Thread added: 0x0000018e27aa4770
Event: 0.042 Thread 0x0000018e27ab7070 Thread added: 0x0000018e27ab7070
Event: 0.182 Thread 0x0000018e2bdb2270 Thread added: 0x0000018e2bdb2270
Event: 0.226 Loaded shared library C:\Program Files\Java\jdk-18.0.2.1\bin\zip.dll
Event: 0.230 Loaded shared library C:\Program Files\Java\jdk-18.0.2.1\bin\instrument.dll
Event: 0.240 Loaded shared library C:\Program Files\Java\jdk-18.0.2.1\bin\net.dll
Event: 0.242 Loaded shared library C:\Program Files\Java\jdk-18.0.2.1\bin\nio.dll
Event: 0.250 Loaded shared library C:\Program Files\Java\jdk-18.0.2.1\bin\zip.dll
Event: 0.267 Loaded shared library C:\Program Files\JetBrains\IntelliJ IDEA Community Edition 2022.2.1\bin\breakgen64.dll
Event: 0.268 Thread 0x0000018e2bed7320 Thread added: 0x0000018e2bed7320
Event: 0.268 Thread 0x0000018e2bedb740 Thread added: 0x0000018e2bedb740
Event: 0.355 Thread 0x0000018e2c163550 Thread added: 0x0000018e2c163550
Event: 0.468 Loaded shared library C:\Program Files\Java\jdk-18.0.2.1\bin\jimage.dll
Event: 1.574 Thread 0x0000018e2c165dd0 Thread added: 0x0000018e2c165dd0
Event: 1.942 Thread 0x0000018e2cd5c040 Thread added: 0x0000018e2cd5c040


Dynamic libraries:
0x00007ff7ccae0000 - 0x00007ff7ccaf0000 	C:\Program Files\Java\jdk-18.0.2.1\bin\java.exe
0x00007ffd2b510000 - 0x00007ffd2b708000 	C:\WINDOWS\SYSTEM32\ntdll.dll
0x00007ffd298f0000 - 0x00007ffd299af000 	C:\WINDOWS\System32\KERNEL32.DLL
0x00007ffd28cd0000 - 0x00007ffd28fa2000 	C:\WINDOWS\System32\KERNELBASE.dll
0x00007ffd29000000 - 0x00007ffd29100000 	C:\WINDOWS\System32\ucrtbase.dll
0x00007ffd1c240000 - 0x00007ffd1c25a000 	C:\Program Files\Java\jdk-18.0.2.1\bin\VCRUNTIME140.dll
0x00007ffd1c220000 - 0x00007ffd1c238000 	C:\Program Files\Java\jdk-18.0.2.1\bin\jli.dll
0x00007ffd2ab40000 - 0x00007ffd2abee000 	C:\WINDOWS\System32\ADVAPI32.dll
0x00007ffd29a10000 - 0x00007ffd29aae000 	C:\WINDOWS\System32\msvcrt.dll
0x00007ffd2a050000 - 0x00007ffd2a0ec000 	C:\WINDOWS\System32\sechost.dll
0x00007ffd29ab0000 - 0x00007ffd29bd5000 	C:\WINDOWS\System32\RPCRT4.dll
0x00007ffd2a240000 - 0x00007ffd2a3e1000 	C:\WINDOWS\System32\USER32.dll
0x00007ffd1ba40000 - 0x00007ffd1bcda000 	C:\WINDOWS\WinSxS\amd64_microsoft.windows.common-controls_6595b64144ccf1df_6.0.19041.1110_none_60b5254171f9507e\COMCTL32.dll
0x00007ffd28ca0000 - 0x00007ffd28cc2000 	C:\WINDOWS\System32\win32u.dll
0x00007ffd2a1b0000 - 0x00007ffd2a1db000 	C:\WINDOWS\System32\GDI32.dll
0x00007ffd29100000 - 0x00007ffd2920f000 	C:\WINDOWS\System32\gdi32full.dll
0x00007ffd28c00000 - 0x00007ffd28c9d000 	C:\WINDOWS\System32\msvcp_win.dll
0x00007ffd25780000 - 0x00007ffd2578a000 	C:\WINDOWS\SYSTEM32\VERSION.dll
0x00007ffd29630000 - 0x00007ffd29662000 	C:\WINDOWS\System32\IMM32.DLL
0x00007ffd1c210000 - 0x00007ffd1c21c000 	C:\Program Files\Java\jdk-18.0.2.1\bin\vcruntime140_1.dll
0x00007ffd145b0000 - 0x00007ffd1463d000 	C:\Program Files\Java\jdk-18.0.2.1\bin\msvcp140.dll
0x00007ffcb3680000 - 0x00007ffcb4291000 	C:\Program Files\Java\jdk-18.0.2.1\bin\server\jvm.dll
0x00007ffd2a520000 - 0x00007ffd2a528000 	C:\WINDOWS\System32\PSAPI.DLL
0x00007ffd25eb0000 - 0x00007ffd25ed7000 	C:\WINDOWS\SYSTEM32\WINMM.dll
0x00007ffd28020000 - 0x00007ffd28029000 	C:\WINDOWS\SYSTEM32\WSOCK32.dll
0x00007ffd2a770000 - 0x00007ffd2a7db000 	C:\WINDOWS\System32\WS2_32.dll
0x00007ffd26de0000 - 0x00007ffd26df2000 	C:\WINDOWS\SYSTEM32\kernel.appcore.dll
0x00007ffd1c200000 - 0x00007ffd1c20a000 	C:\Program Files\Java\jdk-18.0.2.1\bin\jimage.dll
0x00007ffd28490000 - 0x00007ffd28674000 	C:\WINDOWS\SYSTEM32\DBGHELP.DLL
0x00007ffd283d0000 - 0x00007ffd28405000 	C:\WINDOWS\SYSTEM32\dbgcore.DLL
0x00007ffd293a0000 - 0x00007ffd29422000 	C:\WINDOWS\System32\bcryptPrimitives.dll
0x00007ffd25f00000 - 0x00007ffd25f0e000 	C:\Program Files\Java\jdk-18.0.2.1\bin\instrument.dll
0x00007ffd19270000 - 0x00007ffd19295000 	C:\Program Files\Java\jdk-18.0.2.1\bin\java.dll
0x00007ffd0bed0000 - 0x00007ffd0bfa6000 	C:\Program Files\Java\jdk-18.0.2.1\bin\jsvml.dll
0x00007ffd2ad20000 - 0x00007ffd2b465000 	C:\WINDOWS\System32\SHELL32.dll
0x00007ffd26630000 - 0x00007ffd26dc2000 	C:\WINDOWS\SYSTEM32\windows.storage.dll
0x00007ffd2a7e0000 - 0x00007ffd2ab35000 	C:\WINDOWS\System32\combase.dll
0x00007ffd27f60000 - 0x00007ffd27f90000 	C:\WINDOWS\SYSTEM32\Wldp.dll
0x00007ffd2a530000 - 0x00007ffd2a5dd000 	C:\WINDOWS\System32\SHCORE.dll
0x00007ffd299b0000 - 0x00007ffd29a05000 	C:\WINDOWS\System32\shlwapi.dll
0x00007ffd28b40000 - 0x00007ffd28b5f000 	C:\WINDOWS\SYSTEM32\profapi.dll
0x00007ffd1b8c0000 - 0x00007ffd1b8d8000 	C:\Program Files\Java\jdk-18.0.2.1\bin\zip.dll
0x00007ffd1c1e0000 - 0x00007ffd1c1f3000 	C:\Program Files\Java\jdk-18.0.2.1\bin\net.dll
0x00007ffd1fab0000 - 0x00007ffd1fbbc000 	C:\WINDOWS\SYSTEM32\WINHTTP.dll
0x00007ffd27e30000 - 0x00007ffd27e9a000 	C:\WINDOWS\system32\mswsock.dll
0x00007ffd1b990000 - 0x00007ffd1b9a6000 	C:\Program Files\Java\jdk-18.0.2.1\bin\nio.dll
0x00007ffd194d0000 - 0x00007ffd194ea000 	C:\Program Files\JetBrains\IntelliJ IDEA Community Edition 2022.2.1\bin\breakgen64.dll
0x00007ffd28990000 - 0x00007ffd289a8000 	C:\WINDOWS\SYSTEM32\CRYPTSP.dll
0x00007ffd27600000 - 0x00007ffd27634000 	C:\WINDOWS\system32\rsaenh.dll
0x00007ffd29370000 - 0x00007ffd29397000 	C:\WINDOWS\System32\bcrypt.dll
0x00007ffd28b00000 - 0x00007ffd28b2e000 	C:\WINDOWS\SYSTEM32\USERENV.dll
0x00007ffd27da0000 - 0x00007ffd27dac000 	C:\WINDOWS\SYSTEM32\CRYPTBASE.dll
0x00007ffd27970000 - 0x00007ffd279ab000 	C:\WINDOWS\SYSTEM32\IPHLPAPI.DLL
0x00007ffd2a700000 - 0x00007ffd2a708000 	C:\WINDOWS\System32\NSI.dll
0x00007ffd203a0000 - 0x00007ffd203b7000 	C:\WINDOWS\SYSTEM32\dhcpcsvc6.DLL
0x00007ffd20480000 - 0x00007ffd2049d000 	C:\WINDOWS\SYSTEM32\dhcpcsvc.DLL
0x00007ffd279b0000 - 0x00007ffd27a7b000 	C:\WINDOWS\SYSTEM32\DNSAPI.dll
0x00007ffd191c0000 - 0x00007ffd191ca000 	C:\Windows\System32\rasadhlp.dll
0x00007ffd19b10000 - 0x00007ffd19b90000 	C:\WINDOWS\System32\fwpuclnt.dll

dbghelp: loaded successfully - version: 4.0.5 - missing functions: none
symbol engine: initialized successfully - sym options: 0x614 - pdb path: .;C:\Program Files\Java\jdk-18.0.2.1\bin;C:\WINDOWS\SYSTEM32;C:\WINDOWS\WinSxS\amd64_microsoft.windows.common-controls_6595b64144ccf1df_6.0.19041.1110_none_60b5254171f9507e;C:\Program Files\Java\jdk-18.0.2.1\bin\server;C:\Program Files\JetBrains\IntelliJ IDEA Community Edition 2022.2.1\bin

VM Arguments:
jvm_args: -ea -Didea.test.cyclic.buffer.size=1048576 -javaagent:C:\Program Files\JetBrains\IntelliJ IDEA Community Edition 2022.2.1\lib\idea_rt.jar=62417:C:\Program Files\JetBrains\IntelliJ IDEA Community Edition 2022.2.1\bin -Dfile.encoding=UTF-8 -Dsun.stdout.encoding=UTF-8 -Dsun.stderr.encoding=UTF-8 
java_command: com.intellij.rt.testng.RemoteTestNGStarter -usedefaultlisteners false -socket62416 @w@C:\Users\USER\AppData\Local\Temp\idea_working_dirs_testng.tmp -temp C:\Users\USER\AppData\Local\Temp\idea_testng.tmp
java_class_path (initial): C:\Program Files\JetBrains\IntelliJ IDEA Community Edition 2022.2.1\lib\idea_rt.jar;C:\Program Files\JetBrains\IntelliJ IDEA Community Edition 2022.2.1\plugins\testng\lib\testng-rt.jar;C:\Users\USER\IdeaProjects\bizim_TestNG_POM\target\test-classes;C:\Users\USER\.m2\repository\org\seleniumhq\selenium\selenium-java\4.8.0\selenium-java-4.8.0.jar;C:\Users\USER\.m2\repository\org\seleniumhq\selenium\selenium-api\4.8.0\selenium-api-4.8.0.jar;C:\Users\USER\.m2\repository\org\seleniumhq\selenium\selenium-chrome-driver\4.8.0\selenium-chrome-driver-4.8.0.jar;C:\Users\USER\.m2\repository\com\google\auto\service\auto-service-annotations\1.0.1\auto-service-annotations-1.0.1.jar;C:\Users\USER\.m2\repository\com\google\auto\service\auto-service\1.0.1\auto-service-1.0.1.jar;C:\Users\USER\.m2\repository\com\google\auto\auto-common\1.2\auto-common-1.2.jar;C:\Users\USER\.m2\repository\com\google\guava\guava\31.1-jre\guava-31.1-jre.jar;C:\Users\USER\.m2\repository\com\google\guava\failureaccess\1.0.1\failureaccess-1.0.1.jar;C:\Users\USER\.m2\repository\com\google\guava\listenablefuture\9999.0-empty-to-avoid-conflict-with-guava\listenablefuture-9999.0-empty-to-avoid-conflict-with-guava.jar;C:\Users\USER\.m2\repository\com\google\code\findbugs\jsr305\3.0.2\jsr305-3.0.2.jar;C:\Users\USER\.m2\repository\org\checkerframework\checker-qual\3.12.0\checker-qual-3.12.0.jar;C:\Users\USER\.m2\repository\com\google\errorprone\error_prone_annotations\2.11.0\error_prone_annotations-2.11.0.jar;C:\Users\USER\.m2\repository\com\google\j2objc\j2objc-annotations\1.3\j2objc-annotations-1.3.jar;C:\Users\USER\.m2\repository\org\seleniumhq\selenium\selenium-chromium-driver\4.8.0\selenium-chromium-driver-4.8.0.jar;C:\Users\USER\.m2\repository\org\seleniumhq\selenium\selenium-json\4.8.0\selenium-json-4.8.0.jar;C:\Users\USER\.m2\repository\org\seleniumhq\selenium\selenium-devtools-v107\4.8.0\selenium-devtools-v107-4.8.0.jar;C:\Users\USER\.m2\repository\org\seleniumhq\selenium\selenium-devtools-v108\4.8.0\selenium-devtools-v108-4.8.0.jar;C:\Users\USER\.m2\repository\org\seleniumhq\selenium\selenium-devtools-v109\4.8.0\selenium-devtools-v109-4.8.0.jar;C:\Users\USER\.m2\repository\org\seleniumhq\selenium\selenium-devtools-v85\4.8.0\selenium-devtools-v85-4.8.0.jar;C:\Users\USER\.m2\repository\org\seleniumhq\selenium\selenium-edge-driver\4.8.0\selenium-edge-driver-4.8.0.jar;C:\Users\USER\.m2\repository\org\seleniumhq\selenium\selenium-firefox-driver\4.8.0\selenium-firefox-driver-4.8.0.jar;C:\Users\USER\.m2\repository\org\seleniumhq\selenium\selenium-http\4.8.0\selenium-http-4.8.0.jar;C:\Users\USER\.m2\repository\dev\failsafe\failsafe\3.3.0\failsafe-3.3.0.jar;C:\Users\USER\.m2\repository\org\seleniumhq\selenium\selenium-ie-driver\4.8.0\selenium-ie-driver-4.8.0.jar;C:\Users\USER\.m2\repository\org\seleniumhq\selenium\selenium-remote-driver\4.8.0\selenium-remote-driver-4.8.0.jar;C:\Users\USER\.m2\repository\io\netty\netty-buffer\4.1.87.Final\netty-buffer-4.1.87.Final.jar;C:\Users\USER\.m2\repository\io\netty\netty-codec-http\4.1.87.Final\netty-codec-http-4.1.87.Final.jar;C:\Users\USER\.m2\repository\io\netty\netty-codec\4.1.87.Final\netty-codec-4.1.87.Final.jar;C:\Users\USER\.m2\repository\io\netty\netty-handler\4.1.87.Final\netty-handler-4.1.87.Final.jar;C:\Users\USER\.m2\repository\io\netty\netty-common\4.1.87.Final\netty-common-4.1.87.Final.jar;C:\Users\USER\.m2\repository\io\netty\netty-transport-classes-epoll\4.1.87.Final\netty-transport-classes-epoll-4.1.87.Final.jar;C:\Users\USER\.m2\repository\io\netty\netty-transport-classes-kqueue\4.1.87.Final\netty-transport-classes-kqueue-4.1.87.Final.jar;C:\Users\USER\.m2\repository\io\netty\netty-transport-native-epoll\4.1.87.Final\netty-transport-native-epoll-4.1.87.Final.jar;C:\Users\USER\.m2\repository\io\netty\netty-transport-native-kqueue\4.1.87.Final\netty-transport-native-kqueue-4.1.87.Final.jar;C:\Users\USER\.m2\repository\io\netty\netty-transport-native-unix-common\4.1.87.Final\netty-transport-native-unix-common-4.1.87.Final.jar;C:\Users\USER\.m2\repository\io\netty\netty-transport\4.1.87.Final\netty-transport-4.1.87.Final.jar;C:\Users\USER\.m2\repository\io\netty\netty-resolver\4.1.87.Final\netty-resolver-4.1.87.Final.jar;C:\Users\USER\.m2\repository\io\opentelemetry\opentelemetry-api\1.22.0\opentelemetry-api-1.22.0.jar;C:\Users\USER\.m2\repository\io\opentelemetry\opentelemetry-context\1.22.0\opentelemetry-context-1.22.0.jar;C:\Users\USER\.m2\repository\io\opentelemetry\opentelemetry-exporter-logging\1.22.0\opentelemetry-exporter-logging-1.22.0.jar;C:\Users\USER\.m2\repository\io\opentelemetry\opentelemetry-sdk-metrics\1.22.0\opentelemetry-sdk-metrics-1.22.0.jar;C:\Users\USER\.m2\repository\io\opentelemetry\opentelemetry-sdk-logs\1.22.0-alpha\opentelemetry-sdk-logs-1.22.0-alpha.jar;C:\Users\USER\.m2\repository\io\opentelemetry\opentelemetry-api-logs\1.22.0-alpha\opentelemetry-api-logs-1.22.0-alpha.jar;C:\Users\USER\.m2\repository\io\opentelemetry\opentelemetry-sdk-common\1.22.0\opentelemetry-sdk-common-1.22.0.jar;C:\Users\USER\.m2\repository\io\opentelemetry\opentelemetry-sdk-extension-autoconfigure-spi\1.22.0\opentelemetry-sdk-extension-autoconfigure-spi-1.22.0.jar;C:\Users\USER\.m2\repository\io\opentelemetry\opentelemetry-sdk-extension-autoconfigure\1.22.0-alpha\opentelemetry-sdk-extension-autoconfigure-1.22.0-alpha.jar;C:\Users\USER\.m2\repository\io\opentelemetry\opentelemetry-sdk-trace\1.22.0\opentelemetry-sdk-trace-1.22.0.jar;C:\Users\USER\.m2\repository\io\opentelemetry\opentelemetry-sdk\1.22.0\opentelemetry-sdk-1.22.0.jar;C:\Users\USER\.m2\repository\io\opentelemetry\opentelemetry-semconv\1.22.0-alpha\opentelemetry-semconv-1.22.0-alpha.jar;C:\Users\USER\.m2\repository\io\ous\jtoml\2.0.0\jtoml-2.0.0.jar;C:\Users\USER\.m2\repository\net\bytebuddy\byte-buddy\1.12.22\byte-buddy-1.12.22.jar;C:\Users\USER\.m2\repository\org\apache\commons\commons-exec\1.3\commons-exec-1.3.jar;C:\Users\USER\.m2\repository\org\asynchttpclient\async-http-client\2.12.3\async-http-client-2.12.3.jar;C:\Users\USER\.m2\repository\org\asynchttpclient\async-http-client-netty-utils\2.12.3\async-http-client-netty-utils-2.12.3.jar;C:\Users\USER\.m2\repository\io\netty\netty-codec-socks\4.1.60.Final\netty-codec-socks-4.1.60.Final.jar;C:\Users\USER\.m2\repository\io\netty\netty-handler-proxy\4.1.60.Final\netty-handler-proxy-4.1.60.Final.jar;C:\Users\USER\.m2\repository\io\netty\netty-transport-native-epoll\4.1.60.Final\netty-transport-native-epoll-4.1.60.Final-linux-x86_64.jar;C:\Users\USER\.m2\repository\io\netty\netty-transport-native-kqueue\4.1.60.Final\netty-transport-native-kqueue-4.1.60.Final-osx-x86_64.jar;C:\Users\USER\.m2\repository\org\reactivestreams\reactive-streams\1.0.3\reactive-streams-1.0.3.jar;C:\Users\USER\.m2\repository\com\typesafe\netty\netty-reactive-streams\2.0.4\netty-reactive-streams-2.0.4.jar;C:\Users\USER\.m2\repository\com\sun\activation\jakarta.activation\1.2.2\jakarta.activation-1.2.2.jar;C:\Users\USER\.m2\repository\org\seleniumhq\selenium\selenium-manager\4.8.0\selenium-manager-4.8.0.jar;C:\Users\USER\.m2\repository\org\seleniumhq\selenium\selenium-safari-driver\4.8.0\selenium-safari-driver-4.8.0.jar;C:\Users\USER\.m2\repository\org\seleniumhq\selenium\selenium-support\4.8.0\selenium-support-4.8.0.jar;C:\Users\USER\.m2\repository\io\github\bonigarcia\webdrivermanager\5.3.1\webdrivermanager-5.3.1.jar;C:\Users\USER\.m2\repository\org\slf4j\slf4j-api\2.0.3\slf4j-api-2.0.3.jar;C:\Users\USER\.m2\repository\com\google\code\gson\gson\2.10\gson-2.10.jar;C:\Users\USER\.m2\repository\com\github\docker-java\docker-java\3.2.13\docker-java-3.2.13.jar;C:\Users\USER\.m2\repository\com\github\docker-java\docker-java-core\3.2.13\docker-java-core-3.2.13.jar;C:\Users\USER\.m2\repository\com\github\docker-java\docker-java-api\3.2.13\docker-java-api-3.2.13.jar;C:\Users\USER\.m2\repository\com\fasterxml\jackson\core\jackson-annotations\2.10.3\jackson-annotations-2.10.3.jar;C:\Users\USER\.m2\repository\commons-io\commons-io\2.6\commons-io-2.6.jar;C:\Users\USER\.m2\repository\org\apache\commons\commons-compress\1.21\commons-compress-1.21.jar;C:\Users\USER\.m2\repository\com\fasterxml\jackson\core\jackson-databind\2.10.3\jackson-databind-2.10.3.jar;C:\Users\USER\.m2\repository\com\fasterxml\jackson\core\jackson-core\2.10.3\jackson-core-2.10.3.jar;C:\Users\USER\.m2\repository\org\bouncycastle\bcpkix-jdk15on\1.64\bcpkix-jdk15on-1.64.jar;C:\Users\USER\.m2\repository\org\bouncycastle\bcprov-jdk15on\1.64\bcprov-jdk15on-1.64.jar;C:\Users\USER\.m2\repository\org\slf4j\jcl-over-slf4j\1.7.30\jcl-over-slf4j-1.7.30.jar;C:\Users\USER\.m2\repository\com\github\docker-java\docker-java-transport-httpclient5\3.2.13\docker-java-transport-httpclient5-3.2.13.jar;C:\Users\USER\.m2\repository\com\github\docker-java\docker-java-transport\3.2.13\docker-java-transport-3.2.13.jar;C:\Users\USER\.m2\repository\net\java\dev\jna\jna\5.8.0\jna-5.8.0.jar;C:\Users\USER\.m2\repository\org\brotli\dec\0.1.2\dec-0.1.2.jar;C:\Users\USER\.m2\repository\org\apache\commons\commons-lang3\3.12.0\commons-lang3-3.12.0.jar;C:\Users\USER\.m2\repository\org\apache\httpcomponents\client5\httpclient5\5.1.3\httpclient5-5.1.3.jar;C:\Users\USER\.m2\repository\org\apache\httpcomponents\core5\httpcore5\5.1.3\httpcore5-5.1.3.jar;C:\Users\USER\.m2\repository\org\apache\httpcomponents\core5\httpcore5-h2\5.1.3\httpcore5-h2-5.1.3.jar;C:\Users\USER\.m2\repository\commons-codec\commons-codec\1.15\commons-codec-1.15.jar;C:\Users\USER\.m2\repository\org\testng\testng\7.7.1\testng-7.7.1.jar;C:\Users\USER\.m2\repository\com\beust\jcommander\1.82\jcommander-1.82.jar;C:\Users\USER\.m2\repository\org\webjars\jquery\3.6.1\jquery-3.6.1.jar;C:\Users\USER\.m2\repository\com\github\javafaker\javafaker\1.0.2\javafaker-1.0.2.jar;C:\Users\USER\.m2\repository\org\yaml\snakeyaml\1.23\snakeyaml-1.23-android.jar;C:\Users\USER\.m2\repository\com\github\mifmif\generex\1.0.2\generex-1.0.2.jar;C:\Users\USER\.m2\repository\dk\brics\automaton\automaton\1.11-8\automaton-1.11-8.jar;C:\Users\USER\.m2\repository\com\aventstack\extentreports\4.0.9\extentreports-4.0.9.jar;C:\Users\USER\.m2\repository\org\freemarker\freemarker\2.3.23\freemarker-2.3.23.jar;C:\Users\USER\.m2\repository\org\mongodb\mongodb-driver\3.3.0\mongodb-driver-3.3.0.jar;C:\Users\USER\.m2\repository\org\mongodb\mongodb-driver-core\3.3.0\mongodb-driver-core-3.3.0.jar;C:\Users\USER\.m2\repository\org\mongodb\bson\3.3.0\bson-3.3.0.jar;C:\Users\USER\.m2\repository\org\apache\httpcomponents\httpclient\4.5.2\httpclient-4.5.2.jar;C:\Users\USER\.m2\repository\org\apache\httpcomponents\httpcore\4.4.4\httpcore-4.4.4.jar;C:\Users\USER\.m2\repository\commons-logging\commons-logging\1.2\commons-logging-1.2.jar;C:\Users\USER\.m2\repository\org\apache\httpcomponents\httpmime\4.5.2\httpmime-4.5.2.jar
Launcher Type: SUN_STANDARD

[Global flags]
     intx CICompilerCount                          = 4                                         {product} {ergonomic}
     uint ConcGCThreads                            = 2                                         {product} {ergonomic}
     uint G1ConcRefinementThreads                  = 8                                         {product} {ergonomic}
   size_t G1HeapRegionSize                         = 2097152                                   {product} {ergonomic}
    uintx GCDrainStackTargetSize                   = 64                                        {product} {ergonomic}
   size_t InitialHeapSize                          = 268435456                                 {product} {ergonomic}
   size_t MarkStackSize                            = 4194304                                   {product} {ergonomic}
   size_t MaxHeapSize                              = 4269801472                                {product} {ergonomic}
   size_t MaxNewSize                               = 2560622592                                {product} {ergonomic}
   size_t MinHeapDeltaBytes                        = 2097152                                   {product} {ergonomic}
   size_t MinHeapSize                              = 8388608                                   {product} {ergonomic}
    uintx NonNMethodCodeHeapSize                   = 5839372                                {pd product} {ergonomic}
    uintx NonProfiledCodeHeapSize                  = 122909434                              {pd product} {ergonomic}
    uintx ProfiledCodeHeapSize                     = 122909434                              {pd product} {ergonomic}
    uintx ReservedCodeCacheSize                    = 251658240                              {pd product} {ergonomic}
     bool SegmentedCodeCache                       = true                                      {product} {ergonomic}
   size_t SoftMaxHeapSize                          = 4269801472                             {manageable} {ergonomic}
     bool UseCompressedClassPointers               = true                           {product lp64_product} {ergonomic}
     bool UseCompressedOops                        = true                           {product lp64_product} {ergonomic}
     bool UseG1GC                                  = true                                      {product} {ergonomic}
     bool UseLargePagesIndividualAllocation        = false                                  {pd product} {ergonomic}

Logging:
Log output configuration:
 #0: stdout all=warning uptime,level,tags foldmultilines=false
 #1: stderr all=off uptime,level,tags foldmultilines=false

Environment Variables:
PATH=C:\Program Files\Common Files\Oracle\Java\javapath;C:\Program Files (x86)\Common Files\Oracle\Java\javapath;C:\Program Files\Eclipse Adoptium\jdk-17.0.4.101-hotspot\bin;C:\WINDOWS\system32;C:\WINDOWS;C:\WINDOWS\System32\Wbem;C:\WINDOWS\System32\WindowsPowerShell\v1.0\;C:\WINDOWS\System32\OpenSSH\;C:\Program Files\Git\cmd;C:\Program Files\MySQL\MySQL Shell 8.0\bin\;C:\Users\USER\AppData\Local\Microsoft\WindowsApps;C:\Users\USER\AppData\Local\Programs\Microsoft VS Code\bin
USERNAME=USER
OS=Windows_NT
PROCESSOR_IDENTIFIER=Intel64 Family 6 Model 58 Stepping 9, GenuineIntel



---------------  S Y S T E M  ---------------

OS:
 Windows 10 , 64 bit Build 19041 (10.0.19041.2546)
OS uptime: 11 days 23:15 hours

CPU: total 8 (initial active 8) (4 cores per cpu, 2 threads per core) family 6 model 58 stepping 9 microcode 0x21, cx8, cmov, fxsr, ht, mmx, sse, sse2, sse3, ssse3, sse4.1, sse4.2, popcnt, tsc, tscinvbit, avx, aes, erms, clmul, vzeroupper, clflush

Memory: 4k page, system-wide physical 16280M (6328M free)
TotalPageFile size 18712M (AvailPageFile size 4492M)
current process WorkingSet (physical memory assigned to process): 103M, peak: 103M
current process commit charge ("private bytes"): 373M, peak: 373M

vm_info: Java HotSpot(TM) 64-Bit Server VM (18.0.2.1+1-1) for windows-amd64 JRE (18.0.2.1+1-1), built on Aug 16 2022 01:46:33 by "mach5one" with MS VC++ 16.8 / 16.9 (VS2019)

END.
